<?xml version="1.0" encoding="UTF-8"?>
<!-- Generated by org.testng.reporters.JUnitXMLReporter -->
<testsuite ignored="0" hostname="Kishore" failures="1" tests="1" name="LoginTest" time="3.317" errors="0" timestamp="2025-10-21T21:26:34 IST">
  <testcase classname="tests.LoginTest" name="testVolidLogin" time="0.662">
    <failure type="java.lang.AssertionError" message="expected [Just a moment...] but found [nopCommerce demo store. Login]">
      <![CDATA[java.lang.AssertionError: expected [Just a moment...] but found [nopCommerce demo store. Login]
at tests.LoginTest.testVolidLogin(LoginTest.java:21)
at java.base/java.util.ArrayList.forEach(ArrayList.java:1596)
... Removed 31 stack frames]]>
    </failure>
  </testcase> <!-- testVolidLogin -->
</testsuite> <!-- LoginTest -->
